<?xml version="1.0" encoding="UTF-8"?>
<!-- Generated by org.testng.reporters.JUnitReportReporter -->
<testsuite hostname="DESKTOP-DN5FJLV" failures="0" tests="1" name="com.test.TestRun" time="19.329" errors="0" timestamp="2022-03-15T10:47:51 EDT" skipped="0">
  <testcase classname="com.test.TestRun" name="runTestNG" time="19.329"/>
  <system-out/>
</testsuite> <!-- com.test.TestRun -->
