<?xml version="1.0" encoding="UTF-8"?>
<!-- Generated by org.testng.reporters.JUnitReportReporter -->
<testsuite hostname="DESKTOP-DN5FJLV" failures="0" tests="1" name="com.runner.RunnerFile" time="18.705" errors="0" timestamp="2022-03-15T11:30:54 EDT" skipped="0">
  <testcase classname="com.runner.RunnerFile" name="runScenario" time="18.705"/>
  <system-out/>
</testsuite> <!-- com.runner.RunnerFile -->
